# JRE version: OpenJDK Runtime Environment (7.0_79-b14) (build 1.7.0_79-b14)
# Java VM: OpenJDK 64-Bit Server VM (24.79-b02 mixed mode linux-amd64 compressed oops)
Heap
 def new generation   total 129728K, used 14233K [0x0000000775a00000, 0x000000077e6c0000, 0x00000007a04a0000)
  eden space 115328K,  12% used [0x0000000775a00000, 0x00000007767e6718, 0x000000077caa0000)
  from space 14400K,   0% used [0x000000077caa0000, 0x000000077caa0000, 0x000000077d8b0000)
  to   space 14400K,   0% used [0x000000077d8b0000, 0x000000077d8b0000, 0x000000077e6c0000)
 tenured generation   total 296816K, used 296815K [0x00000007a04a0000, 0x00000007b267c000, 0x00000007f5a00000)
   the space 296816K,  99% used [0x00000007a04a0000, 0x00000007b267bfe8, 0x00000007b267c000, 0x00000007b267c000)
 compacting perm gen  total 21248K, used 2919K [0x00000007f5a00000, 0x00000007f6ec0000, 0x0000000800000000)
   the space 21248K,  13% used [0x00000007f5a00000, 0x00000007f5cd9d68, 0x00000007f5cd9e00, 0x00000007f6ec0000)
GC Heap History (10 events):
Event: 28.357 GC heap after
Heap after GC invocations=45 (full 6):
 def new generation   total 129728K, used 14400K [0x0000000775a00000, 0x000000077e6c0000, 0x00000007a04a0000)
  eden space 115328K,   0% used [0x0000000775a00000, 0x0000000775a00000, 0x000000077caa0000)
  from space 14400K, 100% used [0x000000077d8b0000, 0x000000077e6c0000, 0x000000077e6c0000)
  to   space 14400K,   0% used [0x000000077caa0000, 0x000000077caa0000, 0x000000077d8b0000)
 tenured generation   total 288176K, used 187010K [0x00000007a04a0000, 0x00000007b1e0c000, 0x00000007f5a00000)
   the space 288176K,  64% used [0x00000007a04a0000, 0x00000007abb40b80, 0x00000007abb40c00, 0x00000007b1e0c000)
 compacting perm gen  total 21248K, used 2919K [0x00000007f5a00000, 0x00000007f6ec0000, 0x0000000800000000)
   the space 21248K,  13% used [0x00000007f5a00000, 0x00000007f5cd9d68, 0x00000007f5cd9e00, 0x00000007f6ec0000)
No shared spaces configured.
}
Event: 30.063 GC heap before
{Heap before GC invocations=45 (full 6):
 def new generation   total 129728K, used 129728K [0x0000000775a00000, 0x000000077e6c0000, 0x00000007a04a0000)
  eden space 115328K, 100% used [0x0000000775a00000, 0x000000077caa0000, 0x000000077caa0000)
  from space 14400K, 100% used [0x000000077d8b0000, 0x000000077e6c0000, 0x000000077e6c0000)
  to   space 14400K,   0% used [0x000000077caa0000, 0x000000077caa0000, 0x000000077d8b0000)
 tenured generation   total 288176K, used 187010K [0x00000007a04a0000, 0x00000007b1e0c000, 0x00000007f5a00000)
   the space 288176K,  64% used [0x00000007a04a0000, 0x00000007abb40b80, 0x00000007abb40c00, 0x00000007b1e0c000)
 compacting perm gen  total 21248K, used 2919K [0x00000007f5a00000, 0x00000007f6ec0000, 0x0000000800000000)
   the space 21248K,  13% used [0x00000007f5a00000, 0x00000007f5cd9d68, 0x00000007f5cd9e00, 0x00000007f6ec0000)
No shared spaces configured.
Event: 30.726 GC heap after
Heap after GC invocations=46 (full 6):
 def new generation   total 129728K, used 14400K [0x0000000775a00000, 0x000000077e6c0000, 0x00000007a04a0000)
  eden space 115328K,   0% used [0x0000000775a00000, 0x0000000775a00000, 0x000000077caa0000)
  from space 14400K, 100% used [0x000000077caa0000, 0x000000077d8b0000, 0x000000077d8b0000)
  to   space 14400K,   0% used [0x000000077d8b0000, 0x000000077d8b0000, 0x000000077e6c0000)
 tenured generation   total 288176K, used 208927K [0x00000007a04a0000, 0x00000007b1e0c000, 0x00000007f5a00000)
   the space 288176K,  72% used [0x00000007a04a0000, 0x00000007ad0a7f28, 0x00000007ad0a8000, 0x00000007b1e0c000)
 compacting perm gen  total 21248K, used 2919K [0x00000007f5a00000, 0x00000007f6ec0000, 0x0000000800000000)
   the space 21248K,  13% used [0x00000007f5a00000, 0x00000007f5cd9d68, 0x00000007f5cd9e00, 0x00000007f6ec0000)
No shared spaces configured.
}
Event: 31.570 GC heap before
{Heap before GC invocations=46 (full 6):
 def new generation   total 129728K, used 129728K [0x0000000775a00000, 0x000000077e6c0000, 0x00000007a04a0000)
  eden space 115328K, 100% used [0x0000000775a00000, 0x000000077caa0000, 0x000000077caa0000)
  from space 14400K, 100% used [0x000000077caa0000, 0x000000077d8b0000, 0x000000077d8b0000)
  to   space 14400K,   0% used [0x000000077d8b0000, 0x000000077d8b0000, 0x000000077e6c0000)
 tenured generation   total 288176K, used 208927K [0x00000007a04a0000, 0x00000007b1e0c000, 0x00000007f5a00000)
   the space 288176K,  72% used [0x00000007a04a0000, 0x00000007ad0a7f28, 0x00000007ad0a8000, 0x00000007b1e0c000)
 compacting perm gen  total 21248K, used 2919K [0x00000007f5a00000, 0x00000007f6ec0000, 0x0000000800000000)
   the space 21248K,  13% used [0x00000007f5a00000, 0x00000007f5cd9d68, 0x00000007f5cd9e00, 0x00000007f6ec0000)
No shared spaces configured.
Event: 31.737 GC heap after
Heap after GC invocations=47 (full 6):
 def new generation   total 129728K, used 14400K [0x0000000775a00000, 0x000000077e6c0000, 0x00000007a04a0000)
  eden space 115328K,   0% used [0x0000000775a00000, 0x0000000775a00000, 0x000000077caa0000)
  from space 14400K, 100% used [0x000000077d8b0000, 0x000000077e6c0000, 0x000000077e6c0000)
  to   space 14400K,   0% used [0x000000077caa0000, 0x000000077caa0000, 0x000000077d8b0000)
 tenured generation   total 288176K, used 230886K [0x00000007a04a0000, 0x00000007b1e0c000, 0x00000007f5a00000)
   the space 288176K,  80% used [0x00000007a04a0000, 0x00000007ae619940, 0x00000007ae619a00, 0x00000007b1e0c000)
 compacting perm gen  total 21248K, used 2919K [0x00000007f5a00000, 0x00000007f6ec0000, 0x0000000800000000)
   the space 21248K,  13% used [0x00000007f5a00000, 0x00000007f5cd9d68, 0x00000007f5cd9e00, 0x00000007f6ec0000)
No shared spaces configured.
}
Event: 32.972 GC heap before
{Heap before GC invocations=47 (full 6):
 def new generation   total 129728K, used 129728K [0x0000000775a00000, 0x000000077e6c0000, 0x00000007a04a0000)
  eden space 115328K, 100% used [0x0000000775a00000, 0x000000077caa0000, 0x000000077caa0000)
  from space 14400K, 100% used [0x000000077d8b0000, 0x000000077e6c0000, 0x000000077e6c0000)
  to   space 14400K,   0% used [0x000000077caa0000, 0x000000077caa0000, 0x000000077d8b0000)
 tenured generation   total 288176K, used 230886K [0x00000007a04a0000, 0x00000007b1e0c000, 0x00000007f5a00000)
   the space 288176K,  80% used [0x00000007a04a0000, 0x00000007ae619940, 0x00000007ae619a00, 0x00000007b1e0c000)
 compacting perm gen  total 21248K, used 2919K [0x00000007f5a00000, 0x00000007f6ec0000, 0x0000000800000000)
   the space 21248K,  13% used [0x00000007f5a00000, 0x00000007f5cd9d68, 0x00000007f5cd9e00, 0x00000007f6ec0000)
No shared spaces configured.
Event: 33.153 GC heap after
Heap after GC invocations=48 (full 6):
 def new generation   total 129728K, used 14400K [0x0000000775a00000, 0x000000077e6c0000, 0x00000007a04a0000)
  eden space 115328K,   0% used [0x0000000775a00000, 0x0000000775a00000, 0x000000077caa0000)
  from space 14400K, 100% used [0x000000077caa0000, 0x000000077d8b0000, 0x000000077d8b0000)
  to   space 14400K,   0% used [0x000000077d8b0000, 0x000000077d8b0000, 0x000000077e6c0000)
 tenured generation   total 288176K, used 252872K [0x00000007a04a0000, 0x00000007b1e0c000, 0x00000007f5a00000)
   the space 288176K,  87% used [0x00000007a04a0000, 0x00000007afb92238, 0x00000007afb92400, 0x00000007b1e0c000)
 compacting perm gen  total 21248K, used 2919K [0x00000007f5a00000, 0x00000007f6ec0000, 0x0000000800000000)
   the space 21248K,  13% used [0x00000007f5a00000, 0x00000007f5cd9d68, 0x00000007f5cd9e00, 0x00000007f6ec0000)
No shared spaces configured.
}
Event: 34.273 GC heap before
{Heap before GC invocations=48 (full 6):
 def new generation   total 129728K, used 129728K [0x0000000775a00000, 0x000000077e6c0000, 0x00000007a04a0000)
  eden space 115328K, 100% used [0x0000000775a00000, 0x000000077caa0000, 0x000000077caa0000)
  from space 14400K, 100% used [0x000000077caa0000, 0x000000077d8b0000, 0x000000077d8b0000)
  to   space 14400K,   0% used [0x000000077d8b0000, 0x000000077d8b0000, 0x000000077e6c0000)
 tenured generation   total 288176K, used 252872K [0x00000007a04a0000, 0x00000007b1e0c000, 0x00000007f5a00000)
   the space 288176K,  87% used [0x00000007a04a0000, 0x00000007afb92238, 0x00000007afb92400, 0x00000007b1e0c000)
 compacting perm gen  total 21248K, used 2919K [0x00000007f5a00000, 0x00000007f6ec0000, 0x0000000800000000)
   the space 21248K,  13% used [0x00000007f5a00000, 0x00000007f5cd9d68, 0x00000007f5cd9e00, 0x00000007f6ec0000)
No shared spaces configured.
Event: 34.547 GC heap after
Heap after GC invocations=49 (full 6):
 def new generation   total 129728K, used 14399K [0x0000000775a00000, 0x000000077e6c0000, 0x00000007a04a0000)
  eden space 115328K,   0% used [0x0000000775a00000, 0x0000000775a00000, 0x000000077caa0000)
  from space 14400K,  99% used [0x000000077d8b0000, 0x000000077e6bfff8, 0x000000077e6c0000)
  to   space 14400K,   0% used [0x000000077caa0000, 0x000000077caa0000, 0x000000077d8b0000)
 tenured generation   total 288176K, used 274740K [0x00000007a04a0000, 0x00000007b1e0c000, 0x00000007f5a00000)
   the space 288176K,  95% used [0x00000007a04a0000, 0x00000007b10ed1d8, 0x00000007b10ed200, 0x00000007b1e0c000)
 compacting perm gen  total 21248K, used 2919K [0x00000007f5a00000, 0x00000007f6ec0000, 0x0000000800000000)
   the space 21248K,  13% used [0x00000007f5a00000, 0x00000007f5cd9d68, 0x00000007f5cd9e00, 0x00000007f6ec0000)
No shared spaces configured.
}
Event: 36.415 GC heap before
{Heap before GC invocations=49 (full 6):
 def new generation   total 129728K, used 129727K [0x0000000775a00000, 0x000000077e6c0000, 0x00000007a04a0000)
  eden space 115328K, 100% used [0x0000000775a00000, 0x000000077caa0000, 0x000000077caa0000)
  from space 14400K,  99% used [0x000000077d8b0000, 0x000000077e6bfff8, 0x000000077e6c0000)
  to   space 14400K,   0% used [0x000000077caa0000, 0x000000077caa0000, 0x000000077d8b0000)
 tenured generation   total 288176K, used 274740K [0x00000007a04a0000, 0x00000007b1e0c000, 0x00000007f5a00000)
   the space 288176K,  95% used [0x00000007a04a0000, 0x00000007b10ed1d8, 0x00000007b10ed200, 0x00000007b1e0c000)
 compacting perm gen  total 21248K, used 2919K [0x00000007f5a00000, 0x00000007f6ec0000, 0x0000000800000000)
   the space 21248K,  13% used [0x00000007f5a00000, 0x00000007f5cd9d68, 0x00000007f5cd9e00, 0x00000007f6ec0000)
No shared spaces configured.

