# JRE version: OpenJDK Runtime Environment (7.0_79-b14) (build 1.7.0_79-b14)
# Java VM: OpenJDK 64-Bit Server VM (24.79-b02 mixed mode linux-amd64 compressed oops)
Heap
 def new generation   total 133504K, used 13288K [0x0000000775a00000, 0x000000077ead0000, 0x00000007a04a0000)
  eden space 118720K,  11% used [0x0000000775a00000, 0x00000007766fa220, 0x000000077cdf0000)
  from space 14784K,   0% used [0x000000077cdf0000, 0x000000077cdf0000, 0x000000077dc60000)
  to   space 14784K,   0% used [0x000000077dc60000, 0x000000077dc60000, 0x000000077ead0000)
 tenured generation   total 320864K, used 318805K [0x00000007a04a0000, 0x00000007b3df8000, 0x00000007f5a00000)
   the space 320864K,  99% used [0x00000007a04a0000, 0x00000007b3bf5510, 0x00000007b3bf5600, 0x00000007b3df8000)
 compacting perm gen  total 21248K, used 3552K [0x00000007f5a00000, 0x00000007f6ec0000, 0x0000000800000000)
   the space 21248K,  16% used [0x00000007f5a00000, 0x00000007f5d781a0, 0x00000007f5d78200, 0x00000007f6ec0000)
GC Heap History (10 events):
Event: 29.035 GC heap after
Heap after GC invocations=45 (full 6):
 def new generation   total 133504K, used 14784K [0x0000000775a00000, 0x000000077ead0000, 0x00000007a04a0000)
  eden space 118720K,   0% used [0x0000000775a00000, 0x0000000775a00000, 0x000000077cdf0000)
  from space 14784K, 100% used [0x000000077dc60000, 0x000000077ead0000, 0x000000077ead0000)
  to   space 14784K,   0% used [0x000000077cdf0000, 0x000000077cdf0000, 0x000000077dc60000)
 tenured generation   total 296488K, used 192837K [0x00000007a04a0000, 0x00000007b262a000, 0x00000007f5a00000)
   the space 296488K,  65% used [0x00000007a04a0000, 0x00000007ac0f1580, 0x00000007ac0f1600, 0x00000007b262a000)
 compacting perm gen  total 21248K, used 2917K [0x00000007f5a00000, 0x00000007f6ec0000, 0x0000000800000000)
   the space 21248K,  13% used [0x00000007f5a00000, 0x00000007f5cd9480, 0x00000007f5cd9600, 0x00000007f6ec0000)
No shared spaces configured.
}
Event: 30.395 GC heap before
{Heap before GC invocations=45 (full 6):
 def new generation   total 133504K, used 133504K [0x0000000775a00000, 0x000000077ead0000, 0x00000007a04a0000)
  eden space 118720K, 100% used [0x0000000775a00000, 0x000000077cdf0000, 0x000000077cdf0000)
  from space 14784K, 100% used [0x000000077dc60000, 0x000000077ead0000, 0x000000077ead0000)
  to   space 14784K,   0% used [0x000000077cdf0000, 0x000000077cdf0000, 0x000000077dc60000)
 tenured generation   total 296488K, used 192837K [0x00000007a04a0000, 0x00000007b262a000, 0x00000007f5a00000)
   the space 296488K,  65% used [0x00000007a04a0000, 0x00000007ac0f1580, 0x00000007ac0f1600, 0x00000007b262a000)
 compacting perm gen  total 21248K, used 2917K [0x00000007f5a00000, 0x00000007f6ec0000, 0x0000000800000000)
   the space 21248K,  13% used [0x00000007f5a00000, 0x00000007f5cd9480, 0x00000007f5cd9600, 0x00000007f6ec0000)
No shared spaces configured.
Event: 32.334 GC heap after
Heap after GC invocations=46 (full 6):
 def new generation   total 133504K, used 14784K [0x0000000775a00000, 0x000000077ead0000, 0x00000007a04a0000)
  eden space 118720K,   0% used [0x0000000775a00000, 0x0000000775a00000, 0x000000077cdf0000)
  from space 14784K, 100% used [0x000000077cdf0000, 0x000000077dc60000, 0x000000077dc60000)
  to   space 14784K,   0% used [0x000000077dc60000, 0x000000077dc60000, 0x000000077ead0000)
 tenured generation   total 296488K, used 215624K [0x00000007a04a0000, 0x00000007b262a000, 0x00000007f5a00000)
   the space 296488K,  72% used [0x00000007a04a0000, 0x00000007ad732378, 0x00000007ad732400, 0x00000007b262a000)
 compacting perm gen  total 21248K, used 2917K [0x00000007f5a00000, 0x00000007f6ec0000, 0x0000000800000000)
   the space 21248K,  13% used [0x00000007f5a00000, 0x00000007f5cd9480, 0x00000007f5cd9600, 0x00000007f6ec0000)
No shared spaces configured.
}
Event: 33.815 GC heap before
{Heap before GC invocations=46 (full 6):
 def new generation   total 133504K, used 133504K [0x0000000775a00000, 0x000000077ead0000, 0x00000007a04a0000)
  eden space 118720K, 100% used [0x0000000775a00000, 0x000000077cdf0000, 0x000000077cdf0000)
  from space 14784K, 100% used [0x000000077cdf0000, 0x000000077dc60000, 0x000000077dc60000)
  to   space 14784K,   0% used [0x000000077dc60000, 0x000000077dc60000, 0x000000077ead0000)
 tenured generation   total 296488K, used 215624K [0x00000007a04a0000, 0x00000007b262a000, 0x00000007f5a00000)
   the space 296488K,  72% used [0x00000007a04a0000, 0x00000007ad732378, 0x00000007ad732400, 0x00000007b262a000)
 compacting perm gen  total 21248K, used 2917K [0x00000007f5a00000, 0x00000007f6ec0000, 0x0000000800000000)
   the space 21248K,  13% used [0x00000007f5a00000, 0x00000007f5cd9480, 0x00000007f5cd9600, 0x00000007f6ec0000)
No shared spaces configured.
Event: 34.521 GC heap after
Heap after GC invocations=47 (full 6):
 def new generation   total 133504K, used 14783K [0x0000000775a00000, 0x000000077ead0000, 0x00000007a04a0000)
  eden space 118720K,   0% used [0x0000000775a00000, 0x0000000775a00000, 0x000000077cdf0000)
  from space 14784K,  99% used [0x000000077dc60000, 0x000000077eacfff8, 0x000000077ead0000)
  to   space 14784K,   0% used [0x000000077cdf0000, 0x000000077cdf0000, 0x000000077dc60000)
 tenured generation   total 296488K, used 238354K [0x00000007a04a0000, 0x00000007b262a000, 0x00000007f5a00000)
   the space 296488K,  80% used [0x00000007a04a0000, 0x00000007aed64ba8, 0x00000007aed64c00, 0x00000007b262a000)
 compacting perm gen  total 21248K, used 2917K [0x00000007f5a00000, 0x00000007f6ec0000, 0x0000000800000000)
   the space 21248K,  13% used [0x00000007f5a00000, 0x00000007f5cd9480, 0x00000007f5cd9600, 0x00000007f6ec0000)
No shared spaces configured.
}
Event: 38.575 GC heap before
{Heap before GC invocations=47 (full 6):
 def new generation   total 133504K, used 133007K [0x0000000775a00000, 0x000000077ead0000, 0x00000007a04a0000)
  eden space 118720K,  99% used [0x0000000775a00000, 0x000000077cd73d60, 0x000000077cdf0000)
  from space 14784K,  99% used [0x000000077dc60000, 0x000000077eacfff8, 0x000000077ead0000)
  to   space 14784K,   0% used [0x000000077cdf0000, 0x000000077cdf0000, 0x000000077dc60000)
 tenured generation   total 296488K, used 238354K [0x00000007a04a0000, 0x00000007b262a000, 0x00000007f5a00000)
   the space 296488K,  80% used [0x00000007a04a0000, 0x00000007aed64ba8, 0x00000007aed64c00, 0x00000007b262a000)
 compacting perm gen  total 21248K, used 3392K [0x00000007f5a00000, 0x00000007f6ec0000, 0x0000000800000000)
   the space 21248K,  15% used [0x00000007f5a00000, 0x00000007f5d501e0, 0x00000007f5d50200, 0x00000007f6ec0000)
No shared spaces configured.
Event: 38.835 GC heap after
Heap after GC invocations=48 (full 6):
 def new generation   total 133504K, used 14783K [0x0000000775a00000, 0x000000077ead0000, 0x00000007a04a0000)
  eden space 118720K,   0% used [0x0000000775a00000, 0x0000000775a00000, 0x000000077cdf0000)
  from space 14784K,  99% used [0x000000077cdf0000, 0x000000077dc5fff8, 0x000000077dc60000)
  to   space 14784K,   0% used [0x000000077dc60000, 0x000000077dc60000, 0x000000077ead0000)
 tenured generation   total 296488K, used 278536K [0x00000007a04a0000, 0x00000007b262a000, 0x00000007f5a00000)
   the space 296488K,  93% used [0x00000007a04a0000, 0x00000007b14a20e0, 0x00000007b14a2200, 0x00000007b262a000)
 compacting perm gen  total 21248K, used 3392K [0x00000007f5a00000, 0x00000007f6ec0000, 0x0000000800000000)
   the space 21248K,  15% used [0x00000007f5a00000, 0x00000007f5d501e0, 0x00000007f5d50200, 0x00000007f6ec0000)
No shared spaces configured.
}
Event: 48.171 GC heap before
{Heap before GC invocations=48 (full 6):
 def new generation   total 133504K, used 132176K [0x0000000775a00000, 0x000000077ead0000, 0x00000007a04a0000)
  eden space 118720K,  98% used [0x0000000775a00000, 0x000000077cca4358, 0x000000077cdf0000)
  from space 14784K,  99% used [0x000000077cdf0000, 0x000000077dc5fff8, 0x000000077dc60000)
  to   space 14784K,   0% used [0x000000077dc60000, 0x000000077dc60000, 0x000000077ead0000)
 tenured generation   total 296488K, used 278536K [0x00000007a04a0000, 0x00000007b262a000, 0x00000007f5a00000)
   the space 296488K,  93% used [0x00000007a04a0000, 0x00000007b14a20e0, 0x00000007b14a2200, 0x00000007b262a000)
 compacting perm gen  total 21248K, used 3552K [0x00000007f5a00000, 0x00000007f6ec0000, 0x0000000800000000)
   the space 21248K,  16% used [0x00000007f5a00000, 0x00000007f5d781a0, 0x00000007f5d78200, 0x00000007f6ec0000)
No shared spaces configured.
Event: 48.193 GC heap after
Heap after GC invocations=49 (full 6):
 def new generation   total 133504K, used 13305K [0x0000000775a00000, 0x000000077ead0000, 0x00000007a04a0000)
  eden space 118720K,   0% used [0x0000000775a00000, 0x0000000775a00000, 0x000000077cdf0000)
  from space 14784K,  89% used [0x000000077dc60000, 0x000000077e95e628, 0x000000077ead0000)
  to   space 14784K,   0% used [0x000000077cdf0000, 0x000000077cdf0000, 0x000000077dc60000)
 tenured generation   total 296488K, used 294427K [0x00000007a04a0000, 0x00000007b262a000, 0x00000007f5a00000)
   the space 296488K,  99% used [0x00000007a04a0000, 0x00000007b2426c68, 0x00000007b2426e00, 0x00000007b262a000)
 compacting perm gen  total 21248K, used 3552K [0x00000007f5a00000, 0x00000007f6ec0000, 0x0000000800000000)
   the space 21248K,  16% used [0x00000007f5a00000, 0x00000007f5d781a0, 0x00000007f5d78200, 0x00000007f6ec0000)
No shared spaces configured.
}
Event: 56.343 GC heap before
{Heap before GC invocations=49 (full 6):
 def new generation   total 133504K, used 130711K [0x0000000775a00000, 0x000000077ead0000, 0x00000007a04a0000)
  eden space 118720K,  98% used [0x0000000775a00000, 0x000000077cca7718, 0x000000077cdf0000)
  from space 14784K,  89% used [0x000000077dc60000, 0x000000077e95e628, 0x000000077ead0000)
  to   space 14784K,   0% used [0x000000077cdf0000, 0x000000077cdf0000, 0x000000077dc60000)
 tenured generation   total 296488K, used 294427K [0x00000007a04a0000, 0x00000007b262a000, 0x00000007f5a00000)
   the space 296488K,  99% used [0x00000007a04a0000, 0x00000007b2426c68, 0x00000007b2426e00, 0x00000007b262a000)
 compacting perm gen  total 21248K, used 3552K [0x00000007f5a00000, 0x00000007f6ec0000, 0x0000000800000000)
   the space 21248K,  16% used [0x00000007f5a00000, 0x00000007f5d781a0, 0x00000007f5d78200, 0x00000007f6ec0000)
No shared spaces configured.

